<?xml version="1.0" encoding="UTF-8"?>
<!-- Generated by org.testng.reporters.JUnitReportReporter -->
<testsuite hostname="QSP" failures="0" tests="1" name="scripts.Likethefbpage" time="66.409" errors="0" timestamp="2021-06-04T17:43:01 IST" skipped="0">
  <testcase classname="scripts.Likethefbpage" name="tc2" time="66.409"/>
</testsuite> <!-- scripts.Likethefbpage -->
