<?xml version="1.0" encoding="UTF-8"?>
<!-- Generated by org.testng.reporters.JUnitReportReporter -->
<testsuite hostname="QSP" failures="0" tests="1" name="scripts.AddingCoursetocart" time="37.484" errors="0" timestamp="2021-06-04T17:43:01 IST" skipped="0">
  <testcase classname="scripts.AddingCoursetocart" name="tc1" time="37.484"/>
</testsuite> <!-- scripts.AddingCoursetocart -->
